[35m[Appium][39m Welcome to Appium v1.18.0
[35m[Appium][39m Non-default server args:
[35m[Appium][39m   port: 52810
[35m[Appium][39m   loglevel: info
[35m[Appium][39m   tmpDir: C:\Users\Unicorn\AppData\Local\Temp\\Katalon\Appium\Temp1600154475999
[35m[Appium][39m   chromedriverPort: 52811
[35m[Appium][39m Deprecated server args:
[35m[Appium][39m   [31m--chromedriver-port[39m => --default-capabilities '{"chromedriverPort":52811}'
[35m[Appium][39m Default capabilities, which will be added to each request unless overridden by desired capabilities:
[35m[Appium][39m   chromedriverPort: 52811
[35m[Appium][39m Appium REST http interface listener started on 0.0.0.0:52810
[35m[HTTP][39m [37m-->[39m [37mGET[39m [37m/wd/hub/status[39m
[35m[HTTP][39m [90m{}[39m
[35m[HTTP][39m [37m<-- GET /wd/hub/status [39m[32m200[39m [90m6 ms - 68[39m
[35m[HTTP][39m [90m[39m
[35m[HTTP][39m [37m-->[39m [37mGET[39m [37m/wd/hub/status[39m
[35m[HTTP][39m [90m{}[39m
[35m[HTTP][39m [37m<-- GET /wd/hub/status [39m[32m200[39m [90m1 ms - 68[39m
[35m[HTTP][39m [90m[39m
[35m[HTTP][39m [37m-->[39m [37mPOST[39m [37m/wd/hub/session[39m
[35m[HTTP][39m [90m{"desiredCapabilities":{"appPackage":"com.atf.ecommercelive_merchant","appWaitActivity":"*","deviceId":"K3V7N18B19002184","deviceName":"HUAWEI INE-LX2r (Android 8.1.0)","platform":"ANDROID","appWaitDuration":300000,"appActivity":"com.atf.ecommercelive_merchant.MainActivity","newCommandTimeout":1800,"platformVersion":"8.1.0","automationName":"uiautomator2","autoGrantPermissions":true,"platformName":"Android","udid":"K3V7N18B19002184","systemPort":8232},"capabilities":{"firstMatch":[{"appium:appActivity":"com.atf.ecommercelive_merchant.MainActivity","appium:appPackage":"com.atf.ecommercelive_merchant","appium:appWaitActivity":"*","appium:appWaitDuration":300000,"appium:autoGrantPermissions":true,"appium:automationName":"uiautomator2","deviceId":"K3V7N18B19002184","appium:deviceName":"HUAWEI INE-LX2r (Android 8.1.0)","appium:newCommandTimeout":1800,"platform":"ANDROID","platformName":"android","appium:platformVersion":"8.1.0","appium:systemPort":8232,"appium:udid":"K3V7N18B19002184"}]}}[39m
[35m[BaseDriver][39m The following capabilities are not standard capabilities and should have an extension prefix:
[35m[BaseDriver][39m   deviceId
[35m[BaseDriver][39m   platform
[35m[BaseDriver][39m   chromedriverPort
[35m[Appium][39m Appium v1.18.0 creating new AndroidUiautomator2Driver (v1.56.1) session
[35m[BaseDriver][39m The following capabilities were provided, but are not recognized by Appium:
[35m[BaseDriver][39m   deviceId
[35m[BaseDriver][39m   platform
[35m[BaseDriver][39m Session created with session id: 6fd12134-fc27-47df-99fd-10c9a6548e33
[35m[UiAutomator2][39m Starting 'com.atf.ecommercelive_merchant' directly on the device
[35m[ADB][39m Found 1 'build-tools' folders under 'C:\Users\Unicorn\.katalon\tools\android_sdk' (newest first):
[35m[ADB][39m     C:/Users/Unicorn/.katalon/tools/android_sdk/build-tools/29.0.3
[35m[ADB][39m Using 'adb.exe' from 'C:\Users\Unicorn\.katalon\tools\android_sdk\platform-tools\adb.exe'
[35m[AndroidDriver][39m Retrieving device list
[35m[AndroidDriver][39m Using device: K3V7N18B19002184
[35m[ADB][39m Using 'adb.exe' from 'C:\Users\Unicorn\.katalon\tools\android_sdk\platform-tools\adb.exe'
[35m[AndroidDriver][39m No app sent in, not parsing package/activity
[35m[ADB][39m Using 'apksigner.jar' from 'C:\Users\Unicorn\.katalon\tools\android_sdk\build-tools\29.0.3\lib\apksigner.jar'
[35m[UiAutomator2][39m Server packages are not going to be (re)installed
[35m[UiAutomator2][39m Starting UIAutomator2 server 4.11.0
[35m[UiAutomator2][39m Using UIAutomator2 server from 'C:\Users\Unicorn\AppData\Roaming\npm\node_modules\appium\node_modules\appium-uiautomator2-server\apks\appium-uiautomator2-server-v4.11.0.apk' and test from 'C:\Users\Unicorn\AppData\Roaming\npm\node_modules\appium\node_modules\appium-uiautomator2-server\apks\appium-uiautomator2-server-debug-androidTest.apk'
[35m[UiAutomator2][39m Waiting up to 30000ms for UiAutomator2 to be online...
[35m[WD Proxy][39m socket hang up
[35m[WD Proxy][39m socket hang up
[35m[WD Proxy][39m socket hang up
[35m[WD Proxy][39m Determined the downstream protocol as 'W3C'
[35m[AndroidDriver][39m Screen already unlocked, doing nothing
[35m[UiAutomator2][39m Starting 'com.atf.ecommercelive_merchant/com.atf.ecommercelive_merchant.MainActivity and waiting for 'com.atf.ecommercelive_merchant/*'
[35m[Appium][39m New AndroidUiautomator2Driver session created successfully, session 6fd12134-fc27-47df-99fd-10c9a6548e33 added to master session list
[35m[HTTP][39m [37m<-- POST /wd/hub/session [39m[32m200[39m [90m15512 ms - 1423[39m
[35m[HTTP][39m [90m[39m
[35m[HTTP][39m [37m-->[39m [37mGET[39m [37m/wd/hub/session/6fd12134-fc27-47df-99fd-10c9a6548e33[39m
[35m[HTTP][39m [90m{}[39m
[35m[HTTP][39m [37m<-- GET /wd/hub/session/6fd12134-fc27-47df-99fd-10c9a6548e33 [39m[32m200[39m [90m35 ms - 1377[39m
[35m[HTTP][39m [90m[39m
[35m[HTTP][39m [37m-->[39m [37mGET[39m [37m/wd/hub/session/6fd12134-fc27-47df-99fd-10c9a6548e33[39m
[35m[HTTP][39m [90m{}[39m
[35m[HTTP][39m [37m<-- GET /wd/hub/session/6fd12134-fc27-47df-99fd-10c9a6548e33 [39m[32m200[39m [90m23 ms - 1377[39m
[35m[HTTP][39m [90m[39m
[35m[HTTP][39m [37m-->[39m [37mGET[39m [37m/wd/hub/status[39m
[35m[HTTP][39m [90m{}[39m
[35m[HTTP][39m [37m<-- GET /wd/hub/status [39m[32m200[39m [90m1 ms - 68[39m
[35m[HTTP][39m [90m[39m
[35m[HTTP][39m [37m-->[39m [37mPOST[39m [37m/wd/hub/session/6fd12134-fc27-47df-99fd-10c9a6548e33/timeouts[39m
[35m[HTTP][39m [90m{"implicit":60000}[39m
[35m[HTTP][39m [37m<-- POST /wd/hub/session/6fd12134-fc27-47df-99fd-10c9a6548e33/timeouts [39m[32m200[39m [90m4 ms - 14[39m
[35m[HTTP][39m [90m[39m
[35m[HTTP][39m [37m-->[39m [37mPOST[39m [37m/wd/hub/session/6fd12134-fc27-47df-99fd-10c9a6548e33/appium/device/activate_app[39m
[35m[HTTP][39m [90m{"bundleId":"com.atf.ecommercelive_merchant"}[39m
[35m[HTTP][39m [37m<-- POST /wd/hub/session/6fd12134-fc27-47df-99fd-10c9a6548e33/appium/device/activate_app [39m[32m200[39m [90m597 ms - 14[39m
[35m[HTTP][39m [90m[39m
[35m[HTTP][39m [37m-->[39m [37mGET[39m [37m/wd/hub/session/6fd12134-fc27-47df-99fd-10c9a6548e33/source[39m
[35m[HTTP][39m [90m{}[39m
[35m[W3C (6fd12134)][39m Driver proxy active, passing request on via HTTP proxy
[35m[WD Proxy][39m Replacing sessionId 83fa651f-9e93-4eef-aef4-a3e6be0d8de5 with 6fd12134-fc27-47df-99fd-10c9a6548e33
[35m[HTTP][39m [37m<-- GET /wd/hub/session/6fd12134-fc27-47df-99fd-10c9a6548e33/source [39m[32m200[39m [90m1652 ms - 8719[39m
[35m[HTTP][39m [90m[39m
[35m[HTTP][39m [37m-->[39m [37mGET[39m [37m/wd/hub/session/6fd12134-fc27-47df-99fd-10c9a6548e33/screenshot[39m
[35m[HTTP][39m [90m{}[39m
[35m[HTTP][39m [37m<-- GET /wd/hub/session/6fd12134-fc27-47df-99fd-10c9a6548e33/screenshot [39m[32m200[39m [90m664 ms - 202908[39m
[35m[HTTP][39m [90m[39m
[35m[HTTP][39m [37m-->[39m [37mGET[39m [37m/wd/hub/session/6fd12134-fc27-47df-99fd-10c9a6548e33/source[39m
[35m[HTTP][39m [90m{}[39m
[35m[W3C (6fd12134)][39m Driver proxy active, passing request on via HTTP proxy
[35m[WD Proxy][39m Replacing sessionId 83fa651f-9e93-4eef-aef4-a3e6be0d8de5 with 6fd12134-fc27-47df-99fd-10c9a6548e33
[35m[HTTP][39m [37m<-- GET /wd/hub/session/6fd12134-fc27-47df-99fd-10c9a6548e33/source [39m[32m200[39m [90m204 ms - 8883[39m
[35m[HTTP][39m [90m[39m
[35m[HTTP][39m [37m-->[39m [37mGET[39m [37m/wd/hub/session/6fd12134-fc27-47df-99fd-10c9a6548e33/screenshot[39m
[35m[HTTP][39m [90m{}[39m
[35m[HTTP][39m [37m<-- GET /wd/hub/session/6fd12134-fc27-47df-99fd-10c9a6548e33/screenshot [39m[32m200[39m [90m584 ms - 126254[39m
[35m[HTTP][39m [90m[39m
[35m[HTTP][39m [37m-->[39m [37mPOST[39m [37m/wd/hub/session/6fd12134-fc27-47df-99fd-10c9a6548e33/elements[39m
[35m[HTTP][39m [90m{"using":"-android uiautomator","value":"new UiSelector().className(\"android.widget.EditText\").text(\"iscount, Title\").resourceId(\"\").packageName(\"com.atf.ecommercelive_merchant\").enabled(true).clickable(true).longClickable(false).checkable(false).checked(false).focusable(true).focused(false).scrollable(false).selected(false).index(0)"}[39m
[35m[HTTP][39m [37m<-- POST /wd/hub/session/6fd12134-fc27-47df-99fd-10c9a6548e33/elements [39m[32m200[39m [90m133 ms - 139[39m
[35m[HTTP][39m [90m[39m
[35m[HTTP][39m [37m-->[39m [37mPOST[39m [37m/wd/hub/session/6fd12134-fc27-47df-99fd-10c9a6548e33/elements[39m
[35m[HTTP][39m [90m{"using":"-android uiautomator","value":"new UiSelector().className(\"android.widget.EditText\").text(\"escription, Stream Description\").resourceId(\"\").packageName(\"com.atf.ecommercelive_merchant\").enabled(true).clickable(true).longClickable(false).checkable(false).checked(false).focusable(true).focused(false).scrollable(false).selected(false).index(1)"}[39m
[35m[HTTP][39m [37m<-- POST /wd/hub/session/6fd12134-fc27-47df-99fd-10c9a6548e33/elements [39m[32m200[39m [90m147 ms - 139[39m
[35m[HTTP][39m [90m[39m
[35m[HTTP][39m [37m-->[39m [37mPOST[39m [37m/wd/hub/session/6fd12134-fc27-47df-99fd-10c9a6548e33/elements[39m
[35m[HTTP][39m [90m{"using":"-android uiautomator","value":"new UiSelector().className(\"android.view.View\").resourceId(\"\").packageName(\"com.atf.ecommercelive_merchant\").enabled(true).clickable(true).longClickable(false).checkable(false).checked(false).focusable(true).focused(false).scrollable(false).selected(false).index(2)"}[39m
[35m[HTTP][39m [37m<-- POST /wd/hub/session/6fd12134-fc27-47df-99fd-10c9a6548e33/elements [39m[32m200[39m [90m147 ms - 139[39m
[35m[HTTP][39m [90m[39m
[35m[HTTP][39m [37m-->[39m [37mPOST[39m [37m/wd/hub/session/6fd12134-fc27-47df-99fd-10c9a6548e33/elements[39m
[35m[HTTP][39m [90m{"using":"accessibility id","value":"Update"}[39m
[35m[HTTP][39m [37m<-- POST /wd/hub/session/6fd12134-fc27-47df-99fd-10c9a6548e33/elements [39m[32m200[39m [90m98 ms - 139[39m
[35m[HTTP][39m [90m[39m
[35m[BaseDriver][39m Shutting down because we waited 1800 seconds for a command
[35m[Appium][39m Closing session, cause was 'New Command Timeout of 1800 seconds expired. Try customizing the timeout using the 'newCommandTimeout' desired capability'
[35m[Appium][39m Removing session '6fd12134-fc27-47df-99fd-10c9a6548e33' from our master session list
[35m[WD Proxy][39m socket hang up
[35m[UiAutomator2][39m Did not get confirmation UiAutomator2 deleteSession worked; Error was: UnknownError: An unknown server-side error occurred while processing the command. Original error: Could not proxy command to the remote server. Original error: socket hang up
[35m[HTTP][39m [37m-->[39m [37mDELETE[39m [37m/wd/hub/session/6fd12134-fc27-47df-99fd-10c9a6548e33[39m
[35m[HTTP][39m [90m{}[39m
[35m[HTTP][39m [37m<-- DELETE /wd/hub/session/6fd12134-fc27-47df-99fd-10c9a6548e33 [39m[33m404[39m [90m57 ms - 2428[39m
[35m[HTTP][39m [90m[39m
